2021-01-04 17:04:41,344 : INFO : **********TEST SECOND**********
2021-01-04 17:05:57,542 : INFO : **********TEST SECOND**********
2021-01-04 17:07:50,413 : INFO : **********TEST SECOND**********
2021-01-14 16:25:46,232 : INFO : **********TEST SECOND**********
2021-01-14 16:32:43,625 : INFO : **********TEST SECOND**********
2021-01-14 17:51:57,535 : INFO : **********TEST SECOND**********
2021-01-14 17:54:07,115 : INFO : **********TEST SECOND**********
2021-01-14 17:58:35,657 : INFO : **********TEST SECOND**********
2021-01-14 20:24:36,982 : INFO : test_firstPASSED
2021-01-14 20:26:09,024 : INFO : test_firstPASSED
2021-01-14 20:26:09,052 : INFO : test_secondPASSED
2021-01-14 20:26:09,103 : INFO : test_sanity_1PASSED
2021-01-14 20:26:09,131 : INFO : test_sanity_2PASSED
2021-01-14 20:26:09,158 : INFO : test_sanity_3PASSED
2021-01-14 20:27:11,847 : INFO : test_firstPASSED
2021-01-14 20:27:11,894 : INFO : test_secondPASSED
2021-01-14 20:27:11,944 : INFO : test_sanity_1PASSED
2021-01-14 20:27:11,970 : INFO : test_sanity_2PASSED
2021-01-14 20:27:11,994 : INFO : test_sanity_3PASSED
2021-01-14 20:32:06,642 : INFO : test_first PASSED
2021-01-14 20:32:06,673 : INFO : test_second PASSED
2021-01-14 20:32:06,729 : INFO : test_sanity_1 PASSED
2021-01-14 20:32:06,754 : INFO : test_sanity_2 PASSED
2021-01-14 20:32:06,784 : INFO : test_sanity_3 PASSED
2021-01-14 20:33:27,591 : INFO : test_first PASSED
2021-01-14 20:33:27,622 : INFO : test_second PASSED
2021-01-14 20:33:27,654 : INFO : test_sanity_1 PASSED
2021-01-14 20:33:27,678 : INFO : test_sanity_2 PASSED
2021-01-14 20:33:27,714 : INFO : test_sanity_3 PASSED
2021-01-14 20:40:41,495 : INFO : test_first PASSED
2021-01-14 20:40:41,531 : INFO : test_second This test should fail
2021-01-14 20:40:41,583 : INFO : test_UI_1 PASSED
2021-01-14 20:40:41,623 : INFO : test_UI_2 PASSED
2021-01-14 20:40:41,658 : INFO : test_UI_3 PASSED
2021-01-14 21:22:43,705 : INFO : test_first PASSED
2021-01-14 21:22:43,729 : INFO : test_second This test should fail
2021-01-14 21:22:46,764 : INFO : test_UI_1 PASSED
2021-01-14 21:22:46,784 : INFO : test_UI_2 PASSED
2021-01-14 21:22:46,834 : INFO : test_UI_3 PASSED
2021-01-14 21:23:30,967 : INFO : test_first PASSED
2021-01-14 21:23:30,995 : INFO : test_second This test should fail
2021-01-14 21:23:34,158 : INFO : test_UI_1 PASSED
2021-01-14 21:23:34,182 : INFO : test_UI_2 PASSED
2021-01-14 21:23:34,204 : INFO : test_UI_3 PASSED
2021-01-14 21:52:28,991 : INFO : test_first PASSED
2021-01-14 21:52:29,011 : INFO : test_second This test should fail
2021-01-14 21:52:36,065 : INFO : test_UI_1 PASSED
2021-01-14 21:52:36,126 : INFO : test_UI_2 PASSED
2021-01-14 21:52:36,180 : INFO : test_UI_3 PASSED
2021-01-14 22:19:12,754 : INFO : test_first PASSED
2021-01-14 22:19:12,774 : INFO : test_second This test should fail
2021-01-14 22:19:24,497 : INFO : test_UI_2 PASSED
2021-01-14 22:19:24,544 : INFO : test_UI_3 PASSED
2021-01-14 22:34:47,619 : INFO : test_second This test should fail
2021-01-14 22:34:49,167 : INFO : test_UI_2 PASSED
2021-01-14 22:34:49,226 : INFO : test_UI_3 PASSED
2021-01-14 22:36:35,240 : INFO : test_second This test should fail
2021-01-14 22:36:37,517 : INFO : test_UI_2 PASSED
2021-01-14 22:36:37,524 : INFO : test_UI_3 PASSED
2021-01-14 22:37:36,947 : INFO : test_second This test should fail
2021-01-14 22:37:37,929 : INFO : test_UI_2 PASSED
2021-01-14 22:37:37,946 : INFO : test_UI_3 PASSED
2021-01-14 22:38:53,414 : INFO : test_second This test should fail
2021-01-14 22:38:54,523 : INFO : test_UI_2 PASSED
2021-01-14 22:38:54,555 : INFO : test_UI_3 PASSED
2021-01-14 22:40:05,964 : INFO : test_second This test should fail
2021-01-14 22:40:07,613 : INFO : test_UI_2 PASSED
2021-01-14 22:40:07,627 : INFO : test_UI_3 PASSED
2021-01-14 22:49:16,752 : INFO : test_first PASSED
2021-01-14 22:49:16,779 : INFO : test_second This test should fail
2021-01-14 22:49:28,533 : INFO : test_UI_2 PASSED
2021-01-14 22:49:28,588 : INFO : test_UI_3 PASSED
2021-01-14 22:52:04,938 : INFO : test_first PASSED
2021-01-14 22:52:04,963 : INFO : test_second This test should fail
2021-01-14 22:52:17,012 : INFO : test_UI_2 PASSED
2021-01-14 22:52:17,037 : INFO : test_UI_3 PASSED
2021-01-14 22:53:20,878 : INFO : test_first PASSED
2021-01-14 22:53:20,903 : INFO : test_second This test should fail
2021-01-14 22:53:23,036 : INFO : test_UI_1 PASSED
2021-01-14 22:53:23,065 : INFO : test_UI_2 PASSED
2021-01-14 22:53:23,091 : INFO : test_UI_3 PASSED
2021-01-14 23:02:01,112 : INFO : test_first PASSED
2021-01-14 23:02:01,143 : INFO : test_second This test should fail
2021-01-14 23:02:12,516 : INFO : test_UI_2 PASSED
2021-01-14 23:02:12,557 : INFO : test_UI_3 PASSED
2021-01-14 23:04:20,230 : INFO : test_first PASSED
2021-01-14 23:04:20,253 : INFO : test_second This test should fail
2021-01-14 23:04:22,284 : INFO : test_UI_1 PASSED
2021-01-14 23:04:22,300 : INFO : test_UI_2 PASSED
2021-01-14 23:04:22,325 : INFO : test_UI_3 PASSED
2021-01-14 23:07:02,661 : INFO : test_first PASSED
2021-01-14 23:07:02,696 : INFO : test_second This test should fail
2021-01-14 23:07:04,214 : INFO : test_UI_1 PASSED
2021-01-14 23:07:04,230 : INFO : test_UI_2 PASSED
2021-01-14 23:07:04,246 : INFO : test_UI_3 PASSED
2021-01-15 14:06:52,744 : INFO : test_second This test should fail
2021-01-15 14:07:07,876 : INFO : test_UI_2 PASSED
2021-01-15 14:07:07,904 : INFO : test_UI_3 PASSED
2021-01-15 14:07:51,498 : INFO : test_first PASSED
2021-01-15 14:07:51,528 : INFO : test_second This test should fail
2021-01-15 14:07:54,341 : INFO : test_UI_1 PASSED
2021-01-15 14:07:54,373 : INFO : test_UI_2 PASSED
2021-01-15 14:07:54,403 : INFO : test_UI_3 PASSED
2021-01-15 16:07:07,205 : INFO : test_first PASSED
2021-01-15 16:07:07,234 : INFO : test_second This test should fail
2021-01-15 16:07:09,741 : INFO : test_UI_1 PASSED
2021-01-15 16:07:09,771 : INFO : test_UI_2 PASSED
2021-01-15 16:07:09,791 : INFO : test_UI_3 PASSED
2021-01-15 16:09:05,044 : INFO : test_first PASSED
2021-01-15 16:09:05,059 : INFO : test_second This test should fail
2021-01-15 16:09:18,376 : INFO : test_UI_2 PASSED
2021-01-15 16:09:18,425 : INFO : test_UI_3 PASSED
2021-01-15 16:09:53,380 : INFO : test_first PASSED
2021-01-15 16:09:53,404 : INFO : test_second This test should fail
2021-01-15 16:10:06,329 : INFO : test_UI_2 PASSED
2021-01-15 16:10:06,368 : INFO : test_UI_3 PASSED
2021-01-15 16:10:28,876 : INFO : test_first PASSED
2021-01-15 16:10:28,899 : INFO : test_second This test should fail
2021-01-15 16:10:42,256 : INFO : test_UI_2 PASSED
2021-01-15 16:10:42,319 : INFO : test_UI_3 PASSED
2021-01-15 16:12:09,937 : INFO : test_first PASSED
2021-01-15 16:12:09,967 : INFO : test_second This test should fail
2021-01-15 16:12:23,100 : INFO : test_UI_2 PASSED
2021-01-15 16:12:23,132 : INFO : test_UI_3 PASSED
2021-01-15 16:13:21,056 : INFO : test_first PASSED
2021-01-15 16:13:21,077 : INFO : test_second This test should fail
2021-01-15 16:13:23,775 : INFO : test_UI_1 PASSED
2021-01-15 16:13:23,801 : INFO : test_UI_2 PASSED
2021-01-15 16:13:23,836 : INFO : test_UI_3 PASSED
2021-01-15 16:16:29,555 : INFO : test_first PASSED
2021-01-15 16:16:29,586 : INFO : test_second This test should fail
2021-01-15 16:16:43,009 : INFO : test_UI_2 PASSED
2021-01-15 16:16:43,036 : INFO : test_UI_3 PASSED
2021-01-15 16:19:58,444 : INFO : test_first PASSED
2021-01-15 16:19:58,473 : INFO : test_second This test should fail
2021-01-15 16:20:12,316 : INFO : test_UI_2 PASSED
2021-01-15 16:20:12,398 : INFO : test_UI_3 PASSED
2021-01-15 16:23:34,500 : INFO : test_first PASSED
2021-01-15 16:23:34,526 : INFO : test_second This test should fail
2021-01-15 16:23:42,747 : INFO : test_UI_2 PASSED
2021-01-15 16:23:42,759 : INFO : test_UI_3 PASSED
2021-01-15 16:24:43,018 : INFO : test_first PASSED
2021-01-15 16:24:43,046 : INFO : test_second This test should fail
2021-01-15 16:24:53,297 : INFO : test_UI_2 PASSED
2021-01-15 16:24:53,326 : INFO : test_UI_3 PASSED
2021-01-15 16:26:05,860 : INFO : test_second This test should fail
2021-01-15 16:26:26,035 : INFO : test_UI_2 PASSED
2021-01-15 16:26:26,059 : INFO : test_UI_3 PASSED
2021-01-15 16:26:48,573 : INFO : test_first PASSED
2021-01-15 16:26:48,605 : INFO : test_second This test should fail
2021-01-15 16:27:08,905 : INFO : test_UI_2 PASSED
2021-01-15 16:27:08,944 : INFO : test_UI_3 PASSED
2021-01-15 16:27:49,830 : INFO : test_first PASSED
2021-01-15 16:27:49,869 : INFO : test_second This test should fail
2021-01-15 16:28:13,110 : INFO : test_UI_2 PASSED
2021-01-15 16:28:13,125 : INFO : test_UI_3 PASSED
2021-01-15 16:28:54,632 : INFO : test_first PASSED
2021-01-15 16:28:54,661 : INFO : test_second This test should fail
2021-01-15 16:29:04,348 : INFO : test_UI_1 PASSED
2021-01-15 16:29:04,397 : INFO : test_UI_2 PASSED
2021-01-15 16:29:04,432 : INFO : test_UI_3 PASSED
2021-01-15 16:29:41,374 : INFO : test_first PASSED
2021-01-15 16:29:41,400 : INFO : test_second This test should fail
2021-01-15 16:30:03,028 : INFO : test_UI_2 PASSED
2021-01-15 16:30:03,054 : INFO : test_UI_3 PASSED
2021-01-15 16:32:02,272 : INFO : test_first PASSED
2021-01-15 16:32:02,288 : INFO : test_second This test should fail
2021-01-15 16:32:25,497 : INFO : test_UI_2 PASSED
2021-01-15 16:32:25,529 : INFO : test_UI_3 PASSED
2021-01-15 16:34:20,582 : INFO : test_first PASSED
2021-01-15 16:34:20,606 : INFO : test_second This test should fail
2021-01-15 16:34:42,083 : INFO : test_UI_2 PASSED
2021-01-15 16:34:42,133 : INFO : test_UI_3 PASSED
2021-01-15 16:48:10,204 : INFO : test_UI_1 PASSED
2021-01-15 16:55:39,556 : INFO : test_UI_1 PASSED
2021-01-15 16:56:53,726 : INFO : test_UI_1 PASSED
2021-01-15 17:02:28,218 : INFO : test_first PASSED
2021-01-15 17:03:00,105 : INFO : test_UI_1 PASSED
2021-01-16 21:11:57,805 : INFO : test_first PASSED
2021-01-16 21:12:29,825 : INFO : test_UI_1 PASSED
2021-01-16 22:53:25,006 : INFO : test_first PASSED
2021-01-16 22:53:55,577 : INFO : test_first PASSED
2021-01-16 22:54:27,857 : INFO : test_UI_1 PASSED
2021-01-16 22:55:09,478 : INFO : test_first PASSED
2021-01-16 22:55:25,864 : INFO : test_UI_1 PASSED
2021-01-16 22:57:57,132 : INFO : test_UI_1 PASSED
2021-01-16 22:58:30,253 : INFO : test_first PASSED
2021-01-16 22:59:02,182 : INFO : test_UI_1 PASSED
2021-01-16 22:59:29,825 : INFO : test_first PASSED
2021-01-16 23:01:33,182 : INFO : test_first PASSED
2021-01-16 23:01:56,770 : INFO : test_UI_1 PASSED
2021-01-16 23:02:37,114 : INFO : test_first PASSED
2021-01-16 23:03:10,053 : INFO : test_UI_1 PASSED
2021-01-16 23:04:22,436 : INFO : test_first PASSED
2021-01-16 23:04:44,934 : INFO : test_UI_1 PASSED
2021-01-16 23:05:26,444 : INFO : test_first PASSED
2021-01-16 23:05:56,835 : INFO : test_UI_1 PASSED
2021-01-16 23:07:21,190 : INFO : test_first PASSED
2021-01-16 23:07:58,650 : INFO : test_UI_1 PASSED
2021-01-16 23:08:32,798 : INFO : test_first PASSED
2021-01-16 23:08:55,694 : INFO : test_UI_1 PASSED
2021-01-16 23:09:26,741 : INFO : test_first PASSED
2021-01-16 23:09:48,637 : INFO : test_UI_1 PASSED
2021-01-16 23:10:17,761 : INFO : test_first PASSED
2021-01-16 23:10:42,576 : INFO : test_UI_1 PASSED
2021-01-16 23:11:14,839 : INFO : test_first PASSED
2021-01-16 23:11:36,173 : INFO : test_UI_1 PASSED
2021-01-16 23:12:13,141 : INFO : test_first PASSED
2021-01-16 23:12:49,820 : INFO : test_UI_1 PASSED
2021-01-16 23:17:48,661 : INFO : test_first PASSED
2021-01-16 23:18:11,491 : INFO : test_UI_1 PASSED
2021-01-16 23:18:55,513 : INFO : test_first PASSED
2021-01-16 23:19:18,242 : INFO : test_UI_1 PASSED
2021-01-17 10:47:55,455 : INFO : test_first PASSED
2021-01-17 10:48:26,743 : INFO : test_UI_1 PASSED
2021-01-17 10:49:15,238 : INFO : test_first PASSED
2021-01-17 10:51:48,600 : INFO : test_first PASSED
2021-01-17 10:52:20,341 : INFO : test_UI_1 PASSED
2021-01-17 10:55:13,648 : INFO : test_first PASSED
2021-01-17 10:55:44,555 : INFO : test_UI_1 PASSED
2021-01-17 11:05:53,991 : INFO : test_first PASSED
2021-01-17 11:06:25,644 : INFO : test_UI_1 PASSED
2021-01-17 11:06:35,698 : INFO : test_UI_2 PASSED
2021-01-17 11:08:09,825 : INFO : test_first PASSED
2021-01-17 11:08:41,961 : INFO : test_UI_1 PASSED
2021-01-17 11:08:51,973 : INFO : test_UI_2 PASSED
2021-01-17 11:09:42,487 : INFO : test_first PASSED
2021-01-17 11:10:07,899 : INFO : test_UI_1 PASSED
2021-01-17 11:10:17,925 : INFO : test_UI_2 PASSED
2021-01-17 11:10:52,528 : INFO : test_first PASSED
2021-01-17 11:11:15,445 : INFO : test_UI_1 PASSED
2021-01-17 11:11:25,480 : INFO : test_UI_2 PASSED
2021-01-17 11:12:11,966 : INFO : test_UI_2 PASSED
2021-01-17 11:12:14,438 : INFO : test_first PASSED
2021-01-17 11:12:34,912 : INFO : test_UI_1 PASSED
2021-01-17 11:15:15,869 : INFO : test_UI_2 PASSED
2021-01-17 11:15:20,697 : INFO : test_first PASSED
2021-01-17 11:15:41,175 : INFO : test_UI_1 PASSED
2021-01-17 11:16:15,060 : INFO : test_UI_2 PASSED
2021-01-17 11:16:15,701 : INFO : test_first PASSED
2021-01-17 11:16:47,093 : INFO : test_UI_1 PASSED
2021-01-17 11:17:14,095 : INFO : test_first PASSED
2021-01-17 11:17:16,435 : INFO : test_UI_2 PASSED
2021-01-17 11:17:45,481 : INFO : test_UI_1 PASSED
2021-01-17 12:53:38,860 : INFO : test_UI_2 PASSED
2021-01-17 12:53:45,715 : INFO : test_first PASSED
2021-01-17 12:54:04,980 : INFO : test_UI_1 PASSED
2021-01-18 18:53:00,093 : INFO : test_first PASSED
2021-01-18 18:53:32,441 : INFO : test_UI_1 PASSED
2021-01-18 18:53:42,505 : INFO : test_UI_2 PASSED
